2020-08-06 10:01:48.2421||DEBUG|PraksaWebAPI.Program|init main 
2020-08-06 10:01:50.4201||INFO|Microsoft.Hosting.Lifetime|Now listening on: http://127.0.0.1:40514 
2020-08-06 10:01:50.4374||INFO|Microsoft.Hosting.Lifetime|Application started. Press Ctrl+C to shut down. 
2020-08-06 10:01:50.4374||INFO|Microsoft.Hosting.Lifetime|Hosting environment: Development 
2020-08-06 10:01:50.4490||INFO|Microsoft.Hosting.Lifetime|Content root path: E:\Fax\vs\PraksaWebAPI\PraksaWebAPI 
2020-08-06 10:06:07.2095||DEBUG|PraksaWebAPI.Program|init main 
2020-08-06 10:06:08.9440||INFO|Microsoft.Hosting.Lifetime|Now listening on: http://127.0.0.1:22694 
2020-08-06 10:06:08.9599||INFO|Microsoft.Hosting.Lifetime|Application started. Press Ctrl+C to shut down. 
2020-08-06 10:06:08.9659||INFO|Microsoft.Hosting.Lifetime|Hosting environment: Development 
2020-08-06 10:06:08.9659||INFO|Microsoft.Hosting.Lifetime|Content root path: E:\Fax\vs\PraksaWebAPI\PraksaWebAPI 
2020-08-06 10:27:12.4795||DEBUG|PraksaWebAPI.Program|init main 
2020-08-06 10:27:14.0197||INFO|Microsoft.Hosting.Lifetime|Now listening on: http://127.0.0.1:28342 
2020-08-06 10:27:14.0374||INFO|Microsoft.Hosting.Lifetime|Application started. Press Ctrl+C to shut down. 
2020-08-06 10:27:14.0436||INFO|Microsoft.Hosting.Lifetime|Hosting environment: Development 
2020-08-06 10:27:14.0436||INFO|Microsoft.Hosting.Lifetime|Content root path: E:\Fax\vs\PraksaWebAPI\PraksaWebAPI 
2020-08-06 11:05:18.5236||INFO|PraksaWebAPI.Controllers.EmployeeController|Get employees 
2020-08-06 11:07:32.2173||INFO|PraksaWebAPI.Controllers.EmployeeController|Get employees 
2020-08-06 11:24:35.3528||INFO|PraksaWebAPI.Controllers.EmployeeController|Get employees 
2020-08-06 11:34:11.5223||INFO|PraksaWebAPI.Controllers.EmployeeController|Get employees 
2020-08-06 11:44:43.9010||INFO|PraksaWebAPI.Controllers.EmployeeController|Get employees 
2020-08-06 11:45:44.6898||INFO|PraksaWebAPI.Controllers.EmployeeController|Get employees 
2020-08-06 11:47:04.1635||INFO|PraksaWebAPI.Controllers.EmployeeController|Get employees 
2020-08-06 11:47:56.3668||INFO|PraksaWebAPI.Controllers.EmployeeController|Get employees 
2020-08-06 11:50:04.2534|1|ERROR|Microsoft.AspNetCore.Diagnostics.DeveloperExceptionPageMiddleware|An unhandled exception has occurred while executing the request. System.NullReferenceException: Object reference not set to an instance of an object.
   at PraksaWebAPI.Controllers.EmployeeController.CreateToken(LoginModel loginModel) in E:\Fax\vs\PraksaWebAPI\PraksaWebAPI\Controllers\EmployeeController.cs:line 116
   at lambda_method(Closure , Object , Object[] )
   at Microsoft.Extensions.Internal.ObjectMethodExecutor.Execute(Object target, Object[] parameters)
   at Microsoft.AspNetCore.Mvc.Infrastructure.ActionMethodExecutor.SyncActionResultExecutor.Execute(IActionResultTypeMapper mapper, ObjectMethodExecutor executor, Object controller, Object[] arguments)
   at Microsoft.AspNetCore.Mvc.Infrastructure.ControllerActionInvoker.InvokeActionMethodAsync()
   at Microsoft.AspNetCore.Mvc.Infrastructure.ControllerActionInvoker.Next(State& next, Scope& scope, Object& state, Boolean& isCompleted)
   at Microsoft.AspNetCore.Mvc.Infrastructure.ControllerActionInvoker.InvokeNextActionFilterAsync()
--- End of stack trace from previous location where exception was thrown ---
   at Microsoft.AspNetCore.Mvc.Infrastructure.ControllerActionInvoker.Rethrow(ActionExecutedContextSealed context)
   at Microsoft.AspNetCore.Mvc.Infrastructure.ControllerActionInvoker.Next(State& next, Scope& scope, Object& state, Boolean& isCompleted)
   at Microsoft.AspNetCore.Mvc.Infrastructure.ControllerActionInvoker.InvokeInnerFilterAsync()
--- End of stack trace from previous location where exception was thrown ---
   at Microsoft.AspNetCore.Mvc.Infrastructure.ResourceInvoker.<InvokeFilterPipelineAsync>g__Awaited|19_0(ResourceInvoker invoker, Task lastTask, State next, Scope scope, Object state, Boolean isCompleted)
   at Microsoft.AspNetCore.Mvc.Infrastructure.ResourceInvoker.<InvokeAsync>g__Awaited|17_0(ResourceInvoker invoker, Task task, IDisposable scope)
   at Microsoft.AspNetCore.Routing.EndpointMiddleware.<Invoke>g__AwaitRequestTask|6_0(Endpoint endpoint, Task requestTask, ILogger logger)
   at Microsoft.AspNetCore.Authorization.AuthorizationMiddleware.Invoke(HttpContext context)
   at Microsoft.AspNetCore.Authentication.AuthenticationMiddleware.Invoke(HttpContext context)
   at Microsoft.AspNetCore.Diagnostics.DeveloperExceptionPageMiddleware.Invoke(HttpContext context)
2020-08-06 11:50:15.7369||DEBUG|PraksaWebAPI.Program|init main 
2020-08-06 11:50:17.6839||INFO|Microsoft.Hosting.Lifetime|Now listening on: http://127.0.0.1:12227 
2020-08-06 11:50:17.7014||INFO|Microsoft.Hosting.Lifetime|Application started. Press Ctrl+C to shut down. 
2020-08-06 11:50:17.7014||INFO|Microsoft.Hosting.Lifetime|Hosting environment: Development 
2020-08-06 11:50:17.7139||INFO|Microsoft.Hosting.Lifetime|Content root path: E:\Fax\vs\PraksaWebAPI\PraksaWebAPI 
2020-08-06 11:51:19.8152||INFO|PraksaWebAPI.Controllers.EmployeeController|Get employees 
2020-08-06 12:02:40.3023||INFO|PraksaWebAPI.Controllers.EmployeeController|Get employees 
2020-08-06 13:39:44.2019||DEBUG|PraksaWebAPI.Program|init main 
2020-08-06 13:39:44.9414||INFO|Microsoft.Hosting.Lifetime|Now listening on: http://127.0.0.1:47109 
2020-08-06 13:39:44.9561||INFO|Microsoft.Hosting.Lifetime|Application started. Press Ctrl+C to shut down. 
2020-08-06 13:39:44.9647||INFO|Microsoft.Hosting.Lifetime|Hosting environment: Development 
2020-08-06 13:39:44.9647||INFO|Microsoft.Hosting.Lifetime|Content root path: E:\Fax\vs\PraksaWebAPI\PraksaWebAPI 
2020-08-06 13:40:03.3592||DEBUG|PraksaWebAPI.Program|init main 
2020-08-06 13:40:05.5637||INFO|Microsoft.Hosting.Lifetime|Now listening on: http://127.0.0.1:21749 
2020-08-06 13:40:05.5965||INFO|Microsoft.Hosting.Lifetime|Application started. Press Ctrl+C to shut down. 
2020-08-06 13:40:05.5965||INFO|Microsoft.Hosting.Lifetime|Hosting environment: Development 
2020-08-06 13:40:05.6103||INFO|Microsoft.Hosting.Lifetime|Content root path: E:\Fax\vs\PraksaWebAPI\PraksaWebAPI 
2020-08-06 13:47:31.7182||DEBUG|PraksaWebAPI.Program|init main 
2020-08-06 13:47:32.8247||INFO|Microsoft.Hosting.Lifetime|Now listening on: http://127.0.0.1:23151 
2020-08-06 13:47:32.8247||INFO|Microsoft.Hosting.Lifetime|Application started. Press Ctrl+C to shut down. 
2020-08-06 13:47:32.8442||INFO|Microsoft.Hosting.Lifetime|Hosting environment: Development 
2020-08-06 13:47:32.8442||INFO|Microsoft.Hosting.Lifetime|Content root path: E:\Fax\vs\PraksaWebAPI\PraksaWebAPI 
2020-08-06 13:47:50.2075||DEBUG|PraksaWebAPI.Program|init main 
2020-08-06 13:47:50.6386||INFO|Microsoft.Hosting.Lifetime|Now listening on: http://127.0.0.1:28096 
2020-08-06 13:47:50.6530||INFO|Microsoft.Hosting.Lifetime|Application started. Press Ctrl+C to shut down. 
2020-08-06 13:47:50.6530||INFO|Microsoft.Hosting.Lifetime|Hosting environment: Development 
2020-08-06 13:47:50.6530||INFO|Microsoft.Hosting.Lifetime|Content root path: E:\Fax\vs\PraksaWebAPI\PraksaWebAPI 
2020-08-06 14:07:33.6665||DEBUG|PraksaWebAPI.Program|init main 
2020-08-06 14:07:35.2817||INFO|Microsoft.Hosting.Lifetime|Now listening on: http://127.0.0.1:24028 
2020-08-06 14:07:35.2956||INFO|Microsoft.Hosting.Lifetime|Application started. Press Ctrl+C to shut down. 
2020-08-06 14:07:35.2956||INFO|Microsoft.Hosting.Lifetime|Hosting environment: Development 
2020-08-06 14:07:35.3074||INFO|Microsoft.Hosting.Lifetime|Content root path: E:\Fax\vs\PraksaWebAPI\PraksaWebAPI 
2020-08-06 14:07:59.9256||DEBUG|PraksaWebAPI.Program|init main 
2020-08-06 14:08:00.3967||INFO|Microsoft.Hosting.Lifetime|Now listening on: http://127.0.0.1:1491 
2020-08-06 14:08:00.4086||INFO|Microsoft.Hosting.Lifetime|Application started. Press Ctrl+C to shut down. 
2020-08-06 14:08:00.4086||INFO|Microsoft.Hosting.Lifetime|Hosting environment: Development 
2020-08-06 14:08:00.4200||INFO|Microsoft.Hosting.Lifetime|Content root path: E:\Fax\vs\PraksaWebAPI\PraksaWebAPI 
2020-08-06 14:09:21.6642||DEBUG|PraksaWebAPI.Program|init main 
2020-08-06 14:09:23.4549||INFO|Microsoft.Hosting.Lifetime|Now listening on: http://127.0.0.1:19942 
2020-08-06 14:09:23.4720||INFO|Microsoft.Hosting.Lifetime|Application started. Press Ctrl+C to shut down. 
2020-08-06 14:09:23.4809||INFO|Microsoft.Hosting.Lifetime|Hosting environment: Development 
2020-08-06 14:09:23.4809||INFO|Microsoft.Hosting.Lifetime|Content root path: E:\Fax\vs\PraksaWebAPI\PraksaWebAPI 
2020-08-06 14:10:19.2994||DEBUG|PraksaWebAPI.Program|init main 
2020-08-06 14:10:20.7569||INFO|Microsoft.Hosting.Lifetime|Now listening on: http://127.0.0.1:17070 
2020-08-06 14:10:20.7715||INFO|Microsoft.Hosting.Lifetime|Application started. Press Ctrl+C to shut down. 
2020-08-06 14:10:20.7778||INFO|Microsoft.Hosting.Lifetime|Hosting environment: Development 
2020-08-06 14:10:20.7778||INFO|Microsoft.Hosting.Lifetime|Content root path: E:\Fax\vs\PraksaWebAPI\PraksaWebAPI 
2020-08-06 14:12:09.5501||DEBUG|PraksaWebAPI.Program|init main 
2020-08-06 14:12:10.9487||INFO|Microsoft.Hosting.Lifetime|Now listening on: http://127.0.0.1:31216 
2020-08-06 14:12:10.9487||INFO|Microsoft.Hosting.Lifetime|Application started. Press Ctrl+C to shut down. 
2020-08-06 14:12:10.9679||INFO|Microsoft.Hosting.Lifetime|Hosting environment: Development 
2020-08-06 14:12:10.9679||INFO|Microsoft.Hosting.Lifetime|Content root path: E:\Fax\vs\PraksaWebAPI\PraksaWebAPI 
2020-08-06 14:16:08.2053||DEBUG|PraksaWebAPI.Program|init main 
2020-08-06 14:16:09.6033||INFO|Microsoft.Hosting.Lifetime|Now listening on: http://127.0.0.1:10942 
2020-08-06 14:16:09.6033||INFO|Microsoft.Hosting.Lifetime|Application started. Press Ctrl+C to shut down. 
2020-08-06 14:16:09.6239||INFO|Microsoft.Hosting.Lifetime|Hosting environment: Development 
2020-08-06 14:16:09.6239||INFO|Microsoft.Hosting.Lifetime|Content root path: E:\Fax\vs\PraksaWebAPI\PraksaWebAPI 
2020-08-06 14:16:38.6878||DEBUG|PraksaWebAPI.Program|init main 
2020-08-06 14:16:39.1920||INFO|Microsoft.Hosting.Lifetime|Now listening on: http://127.0.0.1:10273 
2020-08-06 14:16:39.2063||INFO|Microsoft.Hosting.Lifetime|Application started. Press Ctrl+C to shut down. 
2020-08-06 14:16:39.2141||INFO|Microsoft.Hosting.Lifetime|Hosting environment: Development 
2020-08-06 14:16:39.2141||INFO|Microsoft.Hosting.Lifetime|Content root path: E:\Fax\vs\PraksaWebAPI\PraksaWebAPI 
2020-08-06 14:17:33.6281||DEBUG|PraksaWebAPI.Program|init main 
2020-08-06 14:17:35.0668||INFO|Microsoft.Hosting.Lifetime|Now listening on: http://127.0.0.1:19363 
2020-08-06 14:17:35.0801||INFO|Microsoft.Hosting.Lifetime|Application started. Press Ctrl+C to shut down. 
2020-08-06 14:17:35.0801||INFO|Microsoft.Hosting.Lifetime|Hosting environment: Development 
2020-08-06 14:17:35.0920||INFO|Microsoft.Hosting.Lifetime|Content root path: E:\Fax\vs\PraksaWebAPI\PraksaWebAPI 
2020-08-06 14:22:38.5084||DEBUG|PraksaWebAPI.Program|init main 
2020-08-06 14:22:40.0431||INFO|Microsoft.Hosting.Lifetime|Now listening on: http://127.0.0.1:36391 
2020-08-06 14:22:40.0571||INFO|Microsoft.Hosting.Lifetime|Application started. Press Ctrl+C to shut down. 
2020-08-06 14:22:40.0571||INFO|Microsoft.Hosting.Lifetime|Hosting environment: Development 
2020-08-06 14:22:40.0746||INFO|Microsoft.Hosting.Lifetime|Content root path: E:\Fax\vs\PraksaWebAPI\PraksaWebAPI 
2020-08-06 14:24:35.1314||DEBUG|PraksaWebAPI.Program|init main 
2020-08-06 14:24:36.9961||INFO|Microsoft.Hosting.Lifetime|Now listening on: http://127.0.0.1:40225 
2020-08-06 14:24:37.0503||INFO|Microsoft.Hosting.Lifetime|Application started. Press Ctrl+C to shut down. 
2020-08-06 14:24:37.0702||INFO|Microsoft.Hosting.Lifetime|Hosting environment: Development 
2020-08-06 14:24:37.0866||INFO|Microsoft.Hosting.Lifetime|Content root path: E:\Fax\vs\PraksaWebAPI\PraksaWebAPI 
2020-08-06 14:26:24.0578||DEBUG|PraksaWebAPI.Program|init main 
2020-08-06 14:26:27.0772||INFO|Microsoft.Hosting.Lifetime|Now listening on: http://127.0.0.1:8115 
2020-08-06 14:26:27.1237||INFO|Microsoft.Hosting.Lifetime|Application started. Press Ctrl+C to shut down. 
2020-08-06 14:26:27.1408||INFO|Microsoft.Hosting.Lifetime|Hosting environment: Development 
2020-08-06 14:26:27.1627||INFO|Microsoft.Hosting.Lifetime|Content root path: E:\Fax\vs\PraksaWebAPI\PraksaWebAPI 
2020-08-06 14:28:15.6460||DEBUG|PraksaWebAPI.Program|init main 
2020-08-06 14:28:17.0205||INFO|Microsoft.Hosting.Lifetime|Now listening on: http://127.0.0.1:33985 
2020-08-06 14:28:17.0354||INFO|Microsoft.Hosting.Lifetime|Application started. Press Ctrl+C to shut down. 
2020-08-06 14:28:17.0418||INFO|Microsoft.Hosting.Lifetime|Hosting environment: Development 
2020-08-06 14:28:17.0418||INFO|Microsoft.Hosting.Lifetime|Content root path: E:\Fax\vs\PraksaWebAPI\PraksaWebAPI 
2020-08-06 14:29:12.8216||DEBUG|PraksaWebAPI.Program|init main 
2020-08-06 14:29:13.3749||INFO|Microsoft.Hosting.Lifetime|Now listening on: http://127.0.0.1:3217 
2020-08-06 14:29:13.3887||INFO|Microsoft.Hosting.Lifetime|Application started. Press Ctrl+C to shut down. 
2020-08-06 14:29:13.3887||INFO|Microsoft.Hosting.Lifetime|Hosting environment: Development 
2020-08-06 14:29:13.4011||INFO|Microsoft.Hosting.Lifetime|Content root path: E:\Fax\vs\PraksaWebAPI\PraksaWebAPI 
2020-08-06 14:35:04.9825||DEBUG|PraksaWebAPI.Program|init main 
2020-08-06 14:35:06.4508||INFO|Microsoft.Hosting.Lifetime|Now listening on: http://127.0.0.1:44535 
2020-08-06 14:35:06.4716||INFO|Microsoft.Hosting.Lifetime|Application started. Press Ctrl+C to shut down. 
2020-08-06 14:35:06.4716||INFO|Microsoft.Hosting.Lifetime|Hosting environment: Development 
2020-08-06 14:35:06.4836||INFO|Microsoft.Hosting.Lifetime|Content root path: E:\Fax\vs\PraksaWebAPI\PraksaWebAPI 
2020-08-06 14:44:50.8232||DEBUG|PraksaWebAPI.Program|init main 
2020-08-06 14:44:52.2031||INFO|Microsoft.Hosting.Lifetime|Now listening on: http://127.0.0.1:40835 
2020-08-06 14:44:52.2224||INFO|Microsoft.Hosting.Lifetime|Application started. Press Ctrl+C to shut down. 
2020-08-06 14:44:52.2304||INFO|Microsoft.Hosting.Lifetime|Hosting environment: Development 
2020-08-06 14:44:52.2304||INFO|Microsoft.Hosting.Lifetime|Content root path: E:\Fax\vs\PraksaWebAPI\PraksaWebAPI 
2020-08-06 14:46:45.0049||DEBUG|PraksaWebAPI.Program|init main 
2020-08-06 14:46:46.5768||INFO|Microsoft.Hosting.Lifetime|Now listening on: http://127.0.0.1:33513 
2020-08-06 14:46:46.6053||INFO|Microsoft.Hosting.Lifetime|Application started. Press Ctrl+C to shut down. 
2020-08-06 14:46:46.6053||INFO|Microsoft.Hosting.Lifetime|Hosting environment: Development 
2020-08-06 14:46:46.6390||INFO|Microsoft.Hosting.Lifetime|Content root path: E:\Fax\vs\PraksaWebAPI\PraksaWebAPI 
2020-08-06 14:47:17.1172||DEBUG|PraksaWebAPI.Program|init main 
2020-08-06 14:47:18.6500||INFO|Microsoft.Hosting.Lifetime|Now listening on: http://127.0.0.1:4905 
2020-08-06 14:47:18.6641||INFO|Microsoft.Hosting.Lifetime|Application started. Press Ctrl+C to shut down. 
2020-08-06 14:47:18.6704||INFO|Microsoft.Hosting.Lifetime|Hosting environment: Development 
2020-08-06 14:47:18.6704||INFO|Microsoft.Hosting.Lifetime|Content root path: E:\Fax\vs\PraksaWebAPI\PraksaWebAPI 
2020-08-06 14:50:22.2974||DEBUG|PraksaWebAPI.Program|init main 
2020-08-06 14:50:23.6331||INFO|Microsoft.Hosting.Lifetime|Now listening on: http://127.0.0.1:8280 
2020-08-06 14:50:23.6472||INFO|Microsoft.Hosting.Lifetime|Application started. Press Ctrl+C to shut down. 
2020-08-06 14:50:23.6530||INFO|Microsoft.Hosting.Lifetime|Hosting environment: Development 
2020-08-06 14:50:23.6530||INFO|Microsoft.Hosting.Lifetime|Content root path: E:\Fax\vs\PraksaWebAPI\PraksaWebAPI 
2020-08-06 14:52:04.9728||DEBUG|PraksaWebAPI.Program|init main 
2020-08-06 14:52:05.4537||INFO|Microsoft.Hosting.Lifetime|Now listening on: http://127.0.0.1:31777 
2020-08-06 14:52:05.4665||INFO|Microsoft.Hosting.Lifetime|Application started. Press Ctrl+C to shut down. 
2020-08-06 14:52:05.4665||INFO|Microsoft.Hosting.Lifetime|Hosting environment: Development 
2020-08-06 14:52:05.4665||INFO|Microsoft.Hosting.Lifetime|Content root path: E:\Fax\vs\PraksaWebAPI\PraksaWebAPI 
2020-08-06 14:57:02.0622||INFO|PraksaWebAPI.Controllers.EmployeeController|Get employees 
2020-08-06 14:57:27.4766||DEBUG|PraksaWebAPI.Program|init main 
2020-08-06 14:57:27.9211||INFO|Microsoft.Hosting.Lifetime|Now listening on: http://127.0.0.1:13940 
2020-08-06 14:57:27.9328||INFO|Microsoft.Hosting.Lifetime|Application started. Press Ctrl+C to shut down. 
2020-08-06 14:57:27.9328||INFO|Microsoft.Hosting.Lifetime|Hosting environment: Development 
2020-08-06 14:57:27.9328||INFO|Microsoft.Hosting.Lifetime|Content root path: E:\Fax\vs\PraksaWebAPI\PraksaWebAPI 
2020-08-06 14:57:49.8195||DEBUG|PraksaWebAPI.Program|init main 
2020-08-06 14:57:51.0742||INFO|Microsoft.Hosting.Lifetime|Now listening on: http://127.0.0.1:16161 
2020-08-06 14:57:51.0742||INFO|Microsoft.Hosting.Lifetime|Application started. Press Ctrl+C to shut down. 
2020-08-06 14:57:51.0932||INFO|Microsoft.Hosting.Lifetime|Hosting environment: Development 
2020-08-06 14:57:51.0932||INFO|Microsoft.Hosting.Lifetime|Content root path: E:\Fax\vs\PraksaWebAPI\PraksaWebAPI 
2020-08-06 14:58:06.2301|1|ERROR|Microsoft.AspNetCore.Diagnostics.DeveloperExceptionPageMiddleware|An unhandled exception has occurred while executing the request. System.IO.InvalidDataException: The archive entry was compressed using an unsupported compression method.
   at System.IO.Compression.Inflater.Inflate(FlushCode flushCode)
   at System.IO.Compression.Inflater.ReadInflateOutput(Byte* bufPtr, Int32 length, FlushCode flushCode, Int32& bytesRead)
   at System.IO.Compression.Inflater.ReadOutput(Byte* bufPtr, Int32 length, Int32& bytesRead)
   at System.IO.Compression.Inflater.InflateVerified(Byte* bufPtr, Int32 length)
   at System.IO.Compression.DeflateStream.FinishReadAsyncMemory(ValueTask`1 readTask, Memory`1 buffer, CancellationToken cancellationToken)
   at System.IO.Compression.DeflateStream.FinishReadAsyncMemory(ValueTask`1 readTask, Memory`1 buffer, CancellationToken cancellationToken)
   at System.Text.Json.JsonSerializer.ReadAsync[TValue](Stream utf8Json, Type returnType, JsonSerializerOptions options, CancellationToken cancellationToken)
   at Microsoft.AspNetCore.Mvc.Formatters.SystemTextJsonInputFormatter.ReadRequestBodyAsync(InputFormatterContext context, Encoding encoding)
   at Microsoft.AspNetCore.Mvc.Formatters.SystemTextJsonInputFormatter.ReadRequestBodyAsync(InputFormatterContext context, Encoding encoding)
   at Microsoft.AspNetCore.Mvc.ModelBinding.Binders.BodyModelBinder.BindModelAsync(ModelBindingContext bindingContext)
   at Microsoft.AspNetCore.Mvc.ModelBinding.ParameterBinder.BindModelAsync(ActionContext actionContext, IModelBinder modelBinder, IValueProvider valueProvider, ParameterDescriptor parameter, ModelMetadata metadata, Object value)
   at Microsoft.AspNetCore.Mvc.Controllers.ControllerBinderDelegateProvider.<>c__DisplayClass0_0.<<CreateBinderDelegate>g__Bind|0>d.MoveNext()
--- End of stack trace from previous location where exception was thrown ---
   at Microsoft.AspNetCore.Mvc.Infrastructure.ControllerActionInvoker.<InvokeInnerFilterAsync>g__Awaited|13_0(ControllerActionInvoker invoker, Task lastTask, State next, Scope scope, Object state, Boolean isCompleted)
   at Microsoft.AspNetCore.Mvc.Infrastructure.ResourceInvoker.<InvokeFilterPipelineAsync>g__Awaited|19_0(ResourceInvoker invoker, Task lastTask, State next, Scope scope, Object state, Boolean isCompleted)
   at Microsoft.AspNetCore.Mvc.Infrastructure.ResourceInvoker.<InvokeAsync>g__Awaited|17_0(ResourceInvoker invoker, Task task, IDisposable scope)
   at Microsoft.AspNetCore.Routing.EndpointMiddleware.<Invoke>g__AwaitRequestTask|6_0(Endpoint endpoint, Task requestTask, ILogger logger)
   at Microsoft.AspNetCore.Authorization.AuthorizationMiddleware.Invoke(HttpContext context)
   at Microsoft.AspNetCore.Authentication.AuthenticationMiddleware.Invoke(HttpContext context)
   at Microsoft.AspNetCore.Diagnostics.DeveloperExceptionPageMiddleware.Invoke(HttpContext context)
2020-08-06 14:59:46.4736|1|ERROR|Microsoft.AspNetCore.Diagnostics.DeveloperExceptionPageMiddleware|An unhandled exception has occurred while executing the request. System.IO.InvalidDataException: The archive entry was compressed using an unsupported compression method.
   at System.IO.Compression.Inflater.Inflate(FlushCode flushCode)
   at System.IO.Compression.Inflater.ReadInflateOutput(Byte* bufPtr, Int32 length, FlushCode flushCode, Int32& bytesRead)
   at System.IO.Compression.Inflater.ReadOutput(Byte* bufPtr, Int32 length, Int32& bytesRead)
   at System.IO.Compression.Inflater.InflateVerified(Byte* bufPtr, Int32 length)
   at System.IO.Compression.DeflateStream.FinishReadAsyncMemory(ValueTask`1 readTask, Memory`1 buffer, CancellationToken cancellationToken)
   at System.IO.Compression.DeflateStream.FinishReadAsyncMemory(ValueTask`1 readTask, Memory`1 buffer, CancellationToken cancellationToken)
   at System.Text.Json.JsonSerializer.ReadAsync[TValue](Stream utf8Json, Type returnType, JsonSerializerOptions options, CancellationToken cancellationToken)
   at Microsoft.AspNetCore.Mvc.Formatters.SystemTextJsonInputFormatter.ReadRequestBodyAsync(InputFormatterContext context, Encoding encoding)
   at Microsoft.AspNetCore.Mvc.Formatters.SystemTextJsonInputFormatter.ReadRequestBodyAsync(InputFormatterContext context, Encoding encoding)
   at Microsoft.AspNetCore.Mvc.ModelBinding.Binders.BodyModelBinder.BindModelAsync(ModelBindingContext bindingContext)
   at Microsoft.AspNetCore.Mvc.ModelBinding.ParameterBinder.BindModelAsync(ActionContext actionContext, IModelBinder modelBinder, IValueProvider valueProvider, ParameterDescriptor parameter, ModelMetadata metadata, Object value)
   at Microsoft.AspNetCore.Mvc.Controllers.ControllerBinderDelegateProvider.<>c__DisplayClass0_0.<<CreateBinderDelegate>g__Bind|0>d.MoveNext()
--- End of stack trace from previous location where exception was thrown ---
   at Microsoft.AspNetCore.Mvc.Infrastructure.ControllerActionInvoker.<InvokeInnerFilterAsync>g__Awaited|13_0(ControllerActionInvoker invoker, Task lastTask, State next, Scope scope, Object state, Boolean isCompleted)
   at Microsoft.AspNetCore.Mvc.Infrastructure.ResourceInvoker.<InvokeFilterPipelineAsync>g__Awaited|19_0(ResourceInvoker invoker, Task lastTask, State next, Scope scope, Object state, Boolean isCompleted)
   at Microsoft.AspNetCore.Mvc.Infrastructure.ResourceInvoker.<InvokeAsync>g__Awaited|17_0(ResourceInvoker invoker, Task task, IDisposable scope)
   at Microsoft.AspNetCore.Routing.EndpointMiddleware.<Invoke>g__AwaitRequestTask|6_0(Endpoint endpoint, Task requestTask, ILogger logger)
   at Microsoft.AspNetCore.Authorization.AuthorizationMiddleware.Invoke(HttpContext context)
   at Microsoft.AspNetCore.Authentication.AuthenticationMiddleware.Invoke(HttpContext context)
   at Microsoft.AspNetCore.Diagnostics.DeveloperExceptionPageMiddleware.Invoke(HttpContext context)
2020-08-06 15:00:52.6199||DEBUG|PraksaWebAPI.Program|init main 
2020-08-06 15:00:53.2400||INFO|Microsoft.Hosting.Lifetime|Now listening on: http://127.0.0.1:16925 
2020-08-06 15:00:53.2540||INFO|Microsoft.Hosting.Lifetime|Application started. Press Ctrl+C to shut down. 
2020-08-06 15:00:53.2604||INFO|Microsoft.Hosting.Lifetime|Hosting environment: Development 
2020-08-06 15:00:53.2604||INFO|Microsoft.Hosting.Lifetime|Content root path: E:\Fax\vs\PraksaWebAPI\PraksaWebAPI 
2020-08-06 15:04:06.7285||DEBUG|PraksaWebAPI.Program|init main 
2020-08-06 15:04:07.9672||INFO|Microsoft.Hosting.Lifetime|Now listening on: http://127.0.0.1:5874 
2020-08-06 15:04:07.9796||INFO|Microsoft.Hosting.Lifetime|Application started. Press Ctrl+C to shut down. 
2020-08-06 15:04:07.9796||INFO|Microsoft.Hosting.Lifetime|Hosting environment: Development 
2020-08-06 15:04:07.9796||INFO|Microsoft.Hosting.Lifetime|Content root path: E:\Fax\vs\PraksaWebAPI\PraksaWebAPI 
2020-08-06 15:08:52.1640|1|ERROR|Microsoft.AspNetCore.Diagnostics.DeveloperExceptionPageMiddleware|An unhandled exception has occurred while executing the request. System.IO.InvalidDataException: The archive entry was compressed using an unsupported compression method.
   at System.IO.Compression.Inflater.Inflate(FlushCode flushCode)
   at System.IO.Compression.Inflater.ReadInflateOutput(Byte* bufPtr, Int32 length, FlushCode flushCode, Int32& bytesRead)
   at System.IO.Compression.Inflater.ReadOutput(Byte* bufPtr, Int32 length, Int32& bytesRead)
   at System.IO.Compression.Inflater.InflateVerified(Byte* bufPtr, Int32 length)
   at System.IO.Compression.DeflateStream.CopyToStream.WriteAsync(Byte[] buffer, Int32 offset, Int32 count, CancellationToken cancellationToken)
   at Microsoft.AspNetCore.Server.Kestrel.Core.Internal.Http.HttpRequestStream.CopyToAsyncInternal(Stream destination, CancellationToken cancellationToken)
   at System.IO.Compression.DeflateStream.CopyToStream.CopyFromSourceToDestinationAsync()
   at PraksaWebAPI.GzipMiddleware.Invoke(HttpContext httpContext) in E:\Fax\vs\PraksaWebAPI\PraksaWebAPI\GzipMiddleware.cs:line 43
   at Microsoft.AspNetCore.Authorization.AuthorizationMiddleware.Invoke(HttpContext context)
   at Microsoft.AspNetCore.Authentication.AuthenticationMiddleware.Invoke(HttpContext context)
   at Microsoft.AspNetCore.Diagnostics.DeveloperExceptionPageMiddleware.Invoke(HttpContext context)
2020-08-06 15:09:03.6828|1|ERROR|Microsoft.AspNetCore.Diagnostics.DeveloperExceptionPageMiddleware|An unhandled exception has occurred while executing the request. System.IO.InvalidDataException: The archive entry was compressed using an unsupported compression method.
   at System.IO.Compression.Inflater.Inflate(FlushCode flushCode)
   at System.IO.Compression.Inflater.ReadInflateOutput(Byte* bufPtr, Int32 length, FlushCode flushCode, Int32& bytesRead)
   at System.IO.Compression.Inflater.ReadOutput(Byte* bufPtr, Int32 length, Int32& bytesRead)
   at System.IO.Compression.Inflater.InflateVerified(Byte* bufPtr, Int32 length)
   at System.IO.Compression.DeflateStream.CopyToStream.WriteAsync(Byte[] buffer, Int32 offset, Int32 count, CancellationToken cancellationToken)
   at Microsoft.AspNetCore.Server.Kestrel.Core.Internal.Http.HttpRequestStream.CopyToAsyncInternal(Stream destination, CancellationToken cancellationToken)
   at System.IO.Compression.DeflateStream.CopyToStream.CopyFromSourceToDestinationAsync()
   at PraksaWebAPI.GzipMiddleware.Invoke(HttpContext httpContext) in E:\Fax\vs\PraksaWebAPI\PraksaWebAPI\GzipMiddleware.cs:line 43
   at Microsoft.AspNetCore.Authorization.AuthorizationMiddleware.Invoke(HttpContext context)
   at Microsoft.AspNetCore.Authentication.AuthenticationMiddleware.Invoke(HttpContext context)
   at Microsoft.AspNetCore.Diagnostics.DeveloperExceptionPageMiddleware.Invoke(HttpContext context)
2020-08-06 15:09:41.1604|1|ERROR|Microsoft.AspNetCore.Diagnostics.DeveloperExceptionPageMiddleware|An unhandled exception has occurred while executing the request. System.IO.InvalidDataException: The archive entry was compressed using an unsupported compression method.
   at System.IO.Compression.Inflater.Inflate(FlushCode flushCode)
   at System.IO.Compression.Inflater.ReadInflateOutput(Byte* bufPtr, Int32 length, FlushCode flushCode, Int32& bytesRead)
   at System.IO.Compression.Inflater.ReadOutput(Byte* bufPtr, Int32 length, Int32& bytesRead)
   at System.IO.Compression.Inflater.InflateVerified(Byte* bufPtr, Int32 length)
   at System.IO.Compression.DeflateStream.CopyToStream.WriteAsync(Byte[] buffer, Int32 offset, Int32 count, CancellationToken cancellationToken)
   at Microsoft.AspNetCore.Server.Kestrel.Core.Internal.Http.HttpRequestStream.CopyToAsyncInternal(Stream destination, CancellationToken cancellationToken)
   at System.IO.Compression.DeflateStream.CopyToStream.CopyFromSourceToDestinationAsync()
   at PraksaWebAPI.GzipMiddleware.Invoke(HttpContext httpContext) in E:\Fax\vs\PraksaWebAPI\PraksaWebAPI\GzipMiddleware.cs:line 43
   at Microsoft.AspNetCore.Authorization.AuthorizationMiddleware.Invoke(HttpContext context)
   at Microsoft.AspNetCore.Authentication.AuthenticationMiddleware.Invoke(HttpContext context)
   at Microsoft.AspNetCore.Diagnostics.DeveloperExceptionPageMiddleware.Invoke(HttpContext context)
2020-08-06 16:34:55.8834||DEBUG|PraksaWebAPI.Program|init main 
2020-08-06 16:34:58.5751||INFO|Microsoft.Hosting.Lifetime|Now listening on: http://127.0.0.1:22146 
2020-08-06 16:34:58.6178||INFO|Microsoft.Hosting.Lifetime|Application started. Press Ctrl+C to shut down. 
2020-08-06 16:34:58.6286||INFO|Microsoft.Hosting.Lifetime|Hosting environment: Development 
2020-08-06 16:34:58.6402||INFO|Microsoft.Hosting.Lifetime|Content root path: E:\Fax\vs\PraksaWebAPI\PraksaWebAPI 
2020-08-06 16:35:53.7774||DEBUG|PraksaWebAPI.Program|init main 
2020-08-06 16:35:54.3329||INFO|Microsoft.Hosting.Lifetime|Now listening on: http://127.0.0.1:12000 
2020-08-06 16:35:54.3497||INFO|Microsoft.Hosting.Lifetime|Application started. Press Ctrl+C to shut down. 
2020-08-06 16:35:54.3604||INFO|Microsoft.Hosting.Lifetime|Hosting environment: Development 
2020-08-06 16:35:54.3604||INFO|Microsoft.Hosting.Lifetime|Content root path: E:\Fax\vs\PraksaWebAPI\PraksaWebAPI 
2020-08-06 16:36:50.5545|1|ERROR|Microsoft.AspNetCore.Diagnostics.DeveloperExceptionPageMiddleware|An unhandled exception has occurred while executing the request. System.IO.InvalidDataException: The archive entry was compressed using an unsupported compression method.
   at System.IO.Compression.Inflater.Inflate(FlushCode flushCode)
   at System.IO.Compression.Inflater.ReadInflateOutput(Byte* bufPtr, Int32 length, FlushCode flushCode, Int32& bytesRead)
   at System.IO.Compression.Inflater.ReadOutput(Byte* bufPtr, Int32 length, Int32& bytesRead)
   at System.IO.Compression.Inflater.InflateVerified(Byte* bufPtr, Int32 length)
   at System.IO.Compression.DeflateStream.CopyToStream.WriteAsync(Byte[] buffer, Int32 offset, Int32 count, CancellationToken cancellationToken)
   at Microsoft.AspNetCore.Server.Kestrel.Core.Internal.Http.HttpRequestStream.CopyToAsyncInternal(Stream destination, CancellationToken cancellationToken)
   at System.IO.Compression.DeflateStream.CopyToStream.CopyFromSourceToDestinationAsync()
   at PraksaWebAPI.GzipMiddleware.Invoke(HttpContext httpContext) in E:\Fax\vs\PraksaWebAPI\PraksaWebAPI\GzipMiddleware.cs:line 44
   at Microsoft.AspNetCore.Authorization.AuthorizationMiddleware.Invoke(HttpContext context)
   at Microsoft.AspNetCore.Authentication.AuthenticationMiddleware.Invoke(HttpContext context)
   at Microsoft.AspNetCore.Diagnostics.DeveloperExceptionPageMiddleware.Invoke(HttpContext context)
2020-08-06 16:37:31.4525||DEBUG|PraksaWebAPI.Program|init main 
2020-08-06 16:37:32.9162||INFO|Microsoft.Hosting.Lifetime|Now listening on: http://127.0.0.1:15053 
2020-08-06 16:37:32.9162||INFO|Microsoft.Hosting.Lifetime|Application started. Press Ctrl+C to shut down. 
2020-08-06 16:37:32.9379||INFO|Microsoft.Hosting.Lifetime|Hosting environment: Development 
2020-08-06 16:37:32.9379||INFO|Microsoft.Hosting.Lifetime|Content root path: E:\Fax\vs\PraksaWebAPI\PraksaWebAPI 
2020-08-06 16:37:54.5838||INFO|PraksaWebAPI.Controllers.EmployeeController|Get employees 
2020-08-06 17:44:50.9584||DEBUG|PraksaWebAPI.Program|init main 
2020-08-06 17:44:52.4640||INFO|Microsoft.Hosting.Lifetime|Now listening on: http://127.0.0.1:33492 
2020-08-06 17:44:52.4800||INFO|Microsoft.Hosting.Lifetime|Application started. Press Ctrl+C to shut down. 
2020-08-06 17:44:52.4800||INFO|Microsoft.Hosting.Lifetime|Hosting environment: Development 
2020-08-06 17:44:52.4800||INFO|Microsoft.Hosting.Lifetime|Content root path: E:\Fax\vs\PraksaWebAPI\PraksaWebAPI 
2020-08-06 17:48:21.2316||DEBUG|PraksaWebAPI.Program|init main 
2020-08-06 17:48:21.7339||INFO|Microsoft.Hosting.Lifetime|Now listening on: http://127.0.0.1:41828 
2020-08-06 17:48:21.7472||INFO|Microsoft.Hosting.Lifetime|Application started. Press Ctrl+C to shut down. 
2020-08-06 17:48:21.7472||INFO|Microsoft.Hosting.Lifetime|Hosting environment: Development 
2020-08-06 17:48:21.7620||INFO|Microsoft.Hosting.Lifetime|Content root path: E:\Fax\vs\PraksaWebAPI\PraksaWebAPI 
2020-08-06 17:59:33.0112||DEBUG|PraksaWebAPI.Program|init main 
2020-08-06 17:59:34.4795||INFO|Microsoft.Hosting.Lifetime|Now listening on: http://127.0.0.1:28037 
2020-08-06 17:59:34.4958||INFO|Microsoft.Hosting.Lifetime|Application started. Press Ctrl+C to shut down. 
2020-08-06 17:59:34.4958||INFO|Microsoft.Hosting.Lifetime|Hosting environment: Development 
2020-08-06 17:59:34.5111||INFO|Microsoft.Hosting.Lifetime|Content root path: E:\Fax\vs\PraksaWebAPI\PraksaWebAPI 
2020-08-06 18:00:08.1567||DEBUG|PraksaWebAPI.Program|init main 
2020-08-06 18:00:09.3868||INFO|Microsoft.Hosting.Lifetime|Now listening on: http://127.0.0.1:25143 
2020-08-06 18:00:09.4008||INFO|Microsoft.Hosting.Lifetime|Application started. Press Ctrl+C to shut down. 
2020-08-06 18:00:09.4008||INFO|Microsoft.Hosting.Lifetime|Hosting environment: Development 
2020-08-06 18:00:09.4008||INFO|Microsoft.Hosting.Lifetime|Content root path: E:\Fax\vs\PraksaWebAPI\PraksaWebAPI 
2020-08-06 18:01:26.2342||DEBUG|PraksaWebAPI.Program|init main 
2020-08-06 18:01:31.9240||INFO|Microsoft.Hosting.Lifetime|Now listening on: http://127.0.0.1:42531 
2020-08-06 18:01:31.9391||INFO|Microsoft.Hosting.Lifetime|Application started. Press Ctrl+C to shut down. 
2020-08-06 18:01:31.9391||INFO|Microsoft.Hosting.Lifetime|Hosting environment: Development 
2020-08-06 18:01:31.9509||INFO|Microsoft.Hosting.Lifetime|Content root path: E:\Fax\vs\PraksaWebAPI\PraksaWebAPI 
2020-08-06 18:10:16.2812||DEBUG|PraksaWebAPI.Program|init main 
2020-08-06 18:10:17.4984||INFO|Microsoft.Hosting.Lifetime|Now listening on: http://127.0.0.1:31268 
2020-08-06 18:10:17.5148||INFO|Microsoft.Hosting.Lifetime|Application started. Press Ctrl+C to shut down. 
2020-08-06 18:10:17.5148||INFO|Microsoft.Hosting.Lifetime|Hosting environment: Development 
2020-08-06 18:10:17.5318||INFO|Microsoft.Hosting.Lifetime|Content root path: E:\Fax\vs\PraksaWebAPI\PraksaWebAPI 
2020-08-06 18:23:15.3820||DEBUG|PraksaWebAPI.Program|init main 
2020-08-06 18:23:16.7264||INFO|Microsoft.Hosting.Lifetime|Now listening on: http://127.0.0.1:32318 
2020-08-06 18:23:16.7448||INFO|Microsoft.Hosting.Lifetime|Application started. Press Ctrl+C to shut down. 
2020-08-06 18:23:16.7448||INFO|Microsoft.Hosting.Lifetime|Hosting environment: Development 
2020-08-06 18:23:16.7627||INFO|Microsoft.Hosting.Lifetime|Content root path: E:\Fax\vs\PraksaWebAPI\PraksaWebAPI 
2020-08-06 18:23:16.9881|1|ERROR|Microsoft.AspNetCore.Diagnostics.DeveloperExceptionPageMiddleware|An unhandled exception has occurred while executing the request. System.InvalidOperationException: Synchronous operations are disallowed. Call ReadAsync or set AllowSynchronousIO to true instead.
   at Microsoft.AspNetCore.Server.Kestrel.Core.Internal.Http.HttpRequestStream.Read(Byte[] buffer, Int32 offset, Int32 count)
   at System.IO.StreamReader.ReadBuffer()
   at System.IO.StreamReader.ReadToEnd()
   at PraksaWebAPI.GzipMiddleware.Invoke(HttpContext context) in E:\Fax\vs\PraksaWebAPI\PraksaWebAPI\GzipMiddleware.cs:line 84
   at Microsoft.AspNetCore.Authorization.AuthorizationMiddleware.Invoke(HttpContext context)
   at Microsoft.AspNetCore.Authentication.AuthenticationMiddleware.Invoke(HttpContext context)
   at Microsoft.AspNetCore.Diagnostics.DeveloperExceptionPageMiddleware.Invoke(HttpContext context)
2020-08-06 18:23:26.4054|1|ERROR|Microsoft.AspNetCore.Diagnostics.DeveloperExceptionPageMiddleware|An unhandled exception has occurred while executing the request. System.InvalidOperationException: Synchronous operations are disallowed. Call ReadAsync or set AllowSynchronousIO to true instead.
   at Microsoft.AspNetCore.Server.Kestrel.Core.Internal.Http.HttpRequestStream.Read(Byte[] buffer, Int32 offset, Int32 count)
   at System.IO.StreamReader.ReadBuffer()
   at System.IO.StreamReader.ReadToEnd()
   at PraksaWebAPI.GzipMiddleware.Invoke(HttpContext context) in E:\Fax\vs\PraksaWebAPI\PraksaWebAPI\GzipMiddleware.cs:line 84
   at Microsoft.AspNetCore.Authorization.AuthorizationMiddleware.Invoke(HttpContext context)
   at Microsoft.AspNetCore.Authentication.AuthenticationMiddleware.Invoke(HttpContext context)
   at Microsoft.AspNetCore.Diagnostics.DeveloperExceptionPageMiddleware.Invoke(HttpContext context)
2020-08-06 18:24:52.3852||DEBUG|PraksaWebAPI.Program|init main 
2020-08-06 18:24:53.7730||INFO|Microsoft.Hosting.Lifetime|Now listening on: http://127.0.0.1:24038 
2020-08-06 18:24:53.8060||INFO|Microsoft.Hosting.Lifetime|Application started. Press Ctrl+C to shut down. 
2020-08-06 18:24:53.8181||INFO|Microsoft.Hosting.Lifetime|Hosting environment: Development 
2020-08-06 18:24:53.8265||INFO|Microsoft.Hosting.Lifetime|Content root path: E:\Fax\vs\PraksaWebAPI\PraksaWebAPI 
2020-08-06 18:27:49.5376||DEBUG|PraksaWebAPI.Program|init main 
2020-08-06 18:27:50.9886||INFO|Microsoft.Hosting.Lifetime|Now listening on: http://127.0.0.1:10361 
2020-08-06 18:27:51.0025||INFO|Microsoft.Hosting.Lifetime|Application started. Press Ctrl+C to shut down. 
2020-08-06 18:27:51.0094||INFO|Microsoft.Hosting.Lifetime|Hosting environment: Development 
2020-08-06 18:27:51.0094||INFO|Microsoft.Hosting.Lifetime|Content root path: E:\Fax\vs\PraksaWebAPI\PraksaWebAPI 
2020-08-06 18:28:01.3314|1|ERROR|Microsoft.AspNetCore.Diagnostics.DeveloperExceptionPageMiddleware|An unhandled exception has occurred while executing the request. System.InvalidOperationException: Synchronous operations are disallowed. Call ReadAsync or set AllowSynchronousIO to true instead.
   at Microsoft.AspNetCore.Server.Kestrel.Core.Internal.Http.HttpRequestStream.Read(Byte[] buffer, Int32 offset, Int32 count)
   at System.IO.StreamReader.ReadBuffer()
   at System.IO.StreamReader.ReadToEnd()
   at PraksaWebAPI.GzipMiddleware.Invoke(HttpContext context) in E:\Fax\vs\PraksaWebAPI\PraksaWebAPI\GzipMiddleware.cs:line 82
   at Microsoft.AspNetCore.Authorization.AuthorizationMiddleware.Invoke(HttpContext context)
   at Microsoft.AspNetCore.Authentication.AuthenticationMiddleware.Invoke(HttpContext context)
   at Microsoft.AspNetCore.Diagnostics.DeveloperExceptionPageMiddleware.Invoke(HttpContext context)
2020-08-06 18:28:56.9557|1|ERROR|Microsoft.AspNetCore.Diagnostics.DeveloperExceptionPageMiddleware|An unhandled exception has occurred while executing the request. System.InvalidOperationException: Synchronous operations are disallowed. Call ReadAsync or set AllowSynchronousIO to true instead.
   at Microsoft.AspNetCore.Server.Kestrel.Core.Internal.Http.HttpRequestStream.Read(Byte[] buffer, Int32 offset, Int32 count)
   at System.IO.StreamReader.ReadBuffer()
   at System.IO.StreamReader.ReadToEnd()
   at PraksaWebAPI.GzipMiddleware.Invoke(HttpContext context) in E:\Fax\vs\PraksaWebAPI\PraksaWebAPI\GzipMiddleware.cs:line 82
   at Microsoft.AspNetCore.Authorization.AuthorizationMiddleware.Invoke(HttpContext context)
   at Microsoft.AspNetCore.Authentication.AuthenticationMiddleware.Invoke(HttpContext context)
   at Microsoft.AspNetCore.Diagnostics.DeveloperExceptionPageMiddleware.Invoke(HttpContext context)
2020-08-06 18:30:14.4543||DEBUG|PraksaWebAPI.Program|init main 
2020-08-06 18:30:15.9119||INFO|Microsoft.Hosting.Lifetime|Now listening on: http://127.0.0.1:36028 
2020-08-06 18:30:15.9283||INFO|Microsoft.Hosting.Lifetime|Application started. Press Ctrl+C to shut down. 
2020-08-06 18:30:15.9426||INFO|Microsoft.Hosting.Lifetime|Hosting environment: Development 
2020-08-06 18:30:15.9510||INFO|Microsoft.Hosting.Lifetime|Content root path: E:\Fax\vs\PraksaWebAPI\PraksaWebAPI 
2020-08-06 18:30:46.6329||INFO|PraksaWebAPI.Controllers.EmployeeController|Get employees 
2020-08-06 20:26:39.5851||DEBUG|PraksaWebAPI.Program|init main 
2020-08-06 20:26:40.8675||INFO|Microsoft.Hosting.Lifetime|Now listening on: http://127.0.0.1:7128 
2020-08-06 20:26:40.8894||INFO|Microsoft.Hosting.Lifetime|Application started. Press Ctrl+C to shut down. 
2020-08-06 20:26:40.9031||INFO|Microsoft.Hosting.Lifetime|Hosting environment: Development 
2020-08-06 20:26:40.9176||INFO|Microsoft.Hosting.Lifetime|Content root path: E:\Fax\vs\PraksaWebAPI\PraksaWebAPI 
2020-08-06 20:27:03.4422||INFO|PraksaWebAPI.Controllers.EmployeeController|Get employees 
2020-08-06 20:35:07.4893||INFO|PraksaWebAPI.Controllers.EmployeeController|Get employees 
2020-08-06 20:38:20.1164||INFO|PraksaWebAPI.Controllers.EmployeeController|Get employees 
2020-08-06 21:06:33.9480||DEBUG|PraksaWebAPI.Program|init main 
2020-08-06 21:06:34.5706||INFO|Microsoft.Hosting.Lifetime|Now listening on: http://127.0.0.1:5546 
2020-08-06 21:06:34.5860||INFO|Microsoft.Hosting.Lifetime|Application started. Press Ctrl+C to shut down. 
2020-08-06 21:06:34.5947||INFO|Microsoft.Hosting.Lifetime|Hosting environment: Development 
2020-08-06 21:06:34.5947||INFO|Microsoft.Hosting.Lifetime|Content root path: E:\Fax\vs\PraksaWebAPI\PraksaWebAPI 
2020-08-06 21:06:35.8306||INFO|PraksaWebAPI.Controllers.EmployeeController|Get employees 
2020-08-06 21:14:29.4879||DEBUG|PraksaWebAPI.Program|init main 
2020-08-06 21:14:30.9447||INFO|Microsoft.Hosting.Lifetime|Now listening on: http://127.0.0.1:12597 
2020-08-06 21:14:30.9680||INFO|Microsoft.Hosting.Lifetime|Application started. Press Ctrl+C to shut down. 
2020-08-06 21:14:30.9770||INFO|Microsoft.Hosting.Lifetime|Hosting environment: Development 
2020-08-06 21:14:30.9770||INFO|Microsoft.Hosting.Lifetime|Content root path: E:\Fax\vs\PraksaWebAPI\PraksaWebAPI 
2020-08-06 21:18:44.2780||INFO|PraksaWebAPI.Controllers.EmployeeController|Get employees 
2020-08-06 21:38:51.5628||DEBUG|PraksaWebAPI.Program|init main 
2020-08-06 21:38:52.1247||INFO|Microsoft.Hosting.Lifetime|Now listening on: http://127.0.0.1:44403 
2020-08-06 21:38:52.1452||INFO|Microsoft.Hosting.Lifetime|Application started. Press Ctrl+C to shut down. 
2020-08-06 21:38:52.1452||INFO|Microsoft.Hosting.Lifetime|Hosting environment: Development 
2020-08-06 21:38:52.1669||INFO|Microsoft.Hosting.Lifetime|Content root path: E:\Fax\vs\PraksaWebAPI\PraksaWebAPI 
2020-08-06 21:42:59.2236||INFO|PraksaWebAPI.Controllers.EmployeeController|Get employees 
2020-08-06 21:47:16.6589||DEBUG|PraksaWebAPI.Program|init main 
2020-08-06 21:47:18.9764||INFO|Microsoft.Hosting.Lifetime|Now listening on: http://127.0.0.1:21618 
2020-08-06 21:47:19.0037||INFO|Microsoft.Hosting.Lifetime|Application started. Press Ctrl+C to shut down. 
2020-08-06 21:47:19.0037||INFO|Microsoft.Hosting.Lifetime|Hosting environment: Development 
2020-08-06 21:47:19.0272||INFO|Microsoft.Hosting.Lifetime|Content root path: E:\Fax\vs\PraksaWebAPI\PraksaWebAPI 
2020-08-06 21:47:38.3166||INFO|PraksaWebAPI.Controllers.EmployeeController|Get employees 
2020-08-06 21:50:15.0745||INFO|PraksaWebAPI.Controllers.EmployeeController|Get employees 
2020-08-06 21:54:14.0635||INFO|PraksaWebAPI.Controllers.EmployeeController|Get employees 
2020-08-06 22:21:14.8102||INFO|PraksaWebAPI.Controllers.EmployeeController|Get employees 
2020-08-06 22:21:54.2096||INFO|PraksaWebAPI.Controllers.EmployeeController|Get employees 
2020-08-06 22:40:08.2016||INFO|PraksaWebAPI.Controllers.EmployeeController|Get employees 
2020-08-06 22:42:44.2363||INFO|PraksaWebAPI.Controllers.EmployeeController|Get employees 
2020-08-06 23:37:15.8966||DEBUG|PraksaWebAPI.Program|init main 
2020-08-06 23:37:17.2708||INFO|Microsoft.Hosting.Lifetime|Now listening on: http://127.0.0.1:39446 
2020-08-06 23:37:17.2876||INFO|Microsoft.Hosting.Lifetime|Application started. Press Ctrl+C to shut down. 
2020-08-06 23:37:17.2876||INFO|Microsoft.Hosting.Lifetime|Hosting environment: Development 
2020-08-06 23:37:17.3051||INFO|Microsoft.Hosting.Lifetime|Content root path: E:\Fax\vs\PraksaWebAPI\PraksaWebAPI 
2020-08-06 23:40:17.7271||DEBUG|PraksaWebAPI.Program|init main 
2020-08-06 23:40:19.7693||INFO|Microsoft.Hosting.Lifetime|Now listening on: http://127.0.0.1:6950 
2020-08-06 23:40:19.7872||INFO|Microsoft.Hosting.Lifetime|Application started. Press Ctrl+C to shut down. 
2020-08-06 23:40:19.7872||INFO|Microsoft.Hosting.Lifetime|Hosting environment: Development 
2020-08-06 23:40:19.8039||INFO|Microsoft.Hosting.Lifetime|Content root path: E:\Fax\vs\PraksaWebAPI\PraksaWebAPI 
2020-08-06 23:40:28.5183||DEBUG|PraksaWebAPI.Program|init main 
2020-08-06 23:40:28.9903||INFO|Microsoft.Hosting.Lifetime|Now listening on: http://127.0.0.1:25721 
2020-08-06 23:40:29.0049||INFO|Microsoft.Hosting.Lifetime|Application started. Press Ctrl+C to shut down. 
2020-08-06 23:40:29.0049||INFO|Microsoft.Hosting.Lifetime|Hosting environment: Development 
2020-08-06 23:40:29.0185||INFO|Microsoft.Hosting.Lifetime|Content root path: E:\Fax\vs\PraksaWebAPI\PraksaWebAPI 
2020-08-06 23:41:09.8558||DEBUG|PraksaWebAPI.Program|init main 
2020-08-06 23:41:10.3011||INFO|Microsoft.Hosting.Lifetime|Now listening on: http://127.0.0.1:4148 
2020-08-06 23:41:10.3145||INFO|Microsoft.Hosting.Lifetime|Application started. Press Ctrl+C to shut down. 
2020-08-06 23:41:10.3145||INFO|Microsoft.Hosting.Lifetime|Hosting environment: Development 
2020-08-06 23:41:10.3145||INFO|Microsoft.Hosting.Lifetime|Content root path: E:\Fax\vs\PraksaWebAPI\PraksaWebAPI 
2020-08-06 23:41:56.0868||DEBUG|PraksaWebAPI.Program|init main 
2020-08-06 23:41:57.5565||INFO|Microsoft.Hosting.Lifetime|Now listening on: http://127.0.0.1:29830 
2020-08-06 23:41:57.5842||INFO|Microsoft.Hosting.Lifetime|Application started. Press Ctrl+C to shut down. 
2020-08-06 23:41:57.5957||INFO|Microsoft.Hosting.Lifetime|Hosting environment: Development 
2020-08-06 23:41:57.6296||INFO|Microsoft.Hosting.Lifetime|Content root path: E:\Fax\vs\PraksaWebAPI\PraksaWebAPI 
2020-08-06 23:43:05.2121||DEBUG|PraksaWebAPI.Program|init main 
2020-08-06 23:43:07.0854||INFO|Microsoft.Hosting.Lifetime|Now listening on: http://127.0.0.1:2883 
2020-08-06 23:43:07.1048||INFO|Microsoft.Hosting.Lifetime|Application started. Press Ctrl+C to shut down. 
2020-08-06 23:43:07.1104||INFO|Microsoft.Hosting.Lifetime|Hosting environment: Development 
2020-08-06 23:43:07.1104||INFO|Microsoft.Hosting.Lifetime|Content root path: E:\Fax\vs\PraksaWebAPI\PraksaWebAPI 
2020-08-06 23:44:52.0452||DEBUG|PraksaWebAPI.Program|init main 
2020-08-06 23:44:53.3814||INFO|Microsoft.Hosting.Lifetime|Now listening on: http://127.0.0.1:33052 
2020-08-06 23:44:53.4076||INFO|Microsoft.Hosting.Lifetime|Application started. Press Ctrl+C to shut down. 
2020-08-06 23:44:53.4249||INFO|Microsoft.Hosting.Lifetime|Hosting environment: Development 
2020-08-06 23:44:53.4726||INFO|Microsoft.Hosting.Lifetime|Content root path: E:\Fax\vs\PraksaWebAPI\PraksaWebAPI 
2020-08-06 23:46:04.8845||DEBUG|PraksaWebAPI.Program|init main 
2020-08-06 23:46:06.2403||INFO|Microsoft.Hosting.Lifetime|Now listening on: http://127.0.0.1:34935 
2020-08-06 23:46:06.2533||INFO|Microsoft.Hosting.Lifetime|Application started. Press Ctrl+C to shut down. 
2020-08-06 23:46:06.2533||INFO|Microsoft.Hosting.Lifetime|Hosting environment: Development 
2020-08-06 23:46:06.2533||INFO|Microsoft.Hosting.Lifetime|Content root path: E:\Fax\vs\PraksaWebAPI\PraksaWebAPI 
2020-08-06 23:46:50.3136||DEBUG|PraksaWebAPI.Program|init main 
2020-08-06 23:46:51.6978||INFO|Microsoft.Hosting.Lifetime|Now listening on: http://127.0.0.1:45236 
2020-08-06 23:46:51.7113||INFO|Microsoft.Hosting.Lifetime|Application started. Press Ctrl+C to shut down. 
2020-08-06 23:46:51.7113||INFO|Microsoft.Hosting.Lifetime|Hosting environment: Development 
2020-08-06 23:46:51.7232||INFO|Microsoft.Hosting.Lifetime|Content root path: E:\Fax\vs\PraksaWebAPI\PraksaWebAPI 
2020-08-06 23:47:23.3754||INFO|PraksaWebAPI.Controllers.EmployeeController|Get employees 
2020-08-06 23:49:03.6585||DEBUG|PraksaWebAPI.Program|init main 
2020-08-06 23:49:05.0983||INFO|Microsoft.Hosting.Lifetime|Now listening on: http://127.0.0.1:41255 
2020-08-06 23:49:05.1155||INFO|Microsoft.Hosting.Lifetime|Application started. Press Ctrl+C to shut down. 
2020-08-06 23:49:05.1155||INFO|Microsoft.Hosting.Lifetime|Hosting environment: Development 
2020-08-06 23:49:05.1306||INFO|Microsoft.Hosting.Lifetime|Content root path: E:\Fax\vs\PraksaWebAPI\PraksaWebAPI 
2020-08-06 23:49:36.6882||DEBUG|PraksaWebAPI.Program|init main 
2020-08-06 23:49:38.1776||INFO|Microsoft.Hosting.Lifetime|Now listening on: http://127.0.0.1:41629 
2020-08-06 23:49:38.1908||INFO|Microsoft.Hosting.Lifetime|Application started. Press Ctrl+C to shut down. 
2020-08-06 23:49:38.1908||INFO|Microsoft.Hosting.Lifetime|Hosting environment: Development 
2020-08-06 23:49:38.1908||INFO|Microsoft.Hosting.Lifetime|Content root path: E:\Fax\vs\PraksaWebAPI\PraksaWebAPI 
2020-08-06 23:50:11.3848||DEBUG|PraksaWebAPI.Program|init main 
2020-08-06 23:50:13.3428||INFO|Microsoft.Hosting.Lifetime|Now listening on: http://127.0.0.1:5835 
2020-08-06 23:50:13.3571||INFO|Microsoft.Hosting.Lifetime|Application started. Press Ctrl+C to shut down. 
2020-08-06 23:50:13.3626||INFO|Microsoft.Hosting.Lifetime|Hosting environment: Development 
2020-08-06 23:50:13.3626||INFO|Microsoft.Hosting.Lifetime|Content root path: E:\Fax\vs\PraksaWebAPI\PraksaWebAPI 
2020-08-06 23:50:55.1178||DEBUG|PraksaWebAPI.Program|init main 
2020-08-06 23:50:56.6903||INFO|Microsoft.Hosting.Lifetime|Now listening on: http://127.0.0.1:3892 
2020-08-06 23:50:56.7090||INFO|Microsoft.Hosting.Lifetime|Application started. Press Ctrl+C to shut down. 
2020-08-06 23:50:56.7090||INFO|Microsoft.Hosting.Lifetime|Hosting environment: Development 
2020-08-06 23:50:56.7228||INFO|Microsoft.Hosting.Lifetime|Content root path: E:\Fax\vs\PraksaWebAPI\PraksaWebAPI 
2020-08-06 23:51:22.0582||DEBUG|PraksaWebAPI.Program|init main 
2020-08-06 23:51:23.4421||INFO|Microsoft.Hosting.Lifetime|Now listening on: http://127.0.0.1:25921 
2020-08-06 23:51:23.4555||INFO|Microsoft.Hosting.Lifetime|Application started. Press Ctrl+C to shut down. 
2020-08-06 23:51:23.4555||INFO|Microsoft.Hosting.Lifetime|Hosting environment: Development 
2020-08-06 23:51:23.4555||INFO|Microsoft.Hosting.Lifetime|Content root path: E:\Fax\vs\PraksaWebAPI\PraksaWebAPI 
2020-08-06 23:54:21.4793||INFO|PraksaWebAPI.Controllers.EmployeeController|Get employees 
2020-08-06 23:56:04.8004||INFO|PraksaWebAPI.Controllers.EmployeeController|Get employees 
2020-08-06 23:58:21.2109||INFO|PraksaWebAPI.Controllers.EmployeeController|Get employees 
