2020-08-08 22:49:20.5915||DEBUG|PraksaWebAPI.Program|init main 
2020-08-08 22:49:24.3749||INFO|Microsoft.Hosting.Lifetime|Now listening on: http://127.0.0.1:17020 
2020-08-08 22:49:24.3968||INFO|Microsoft.Hosting.Lifetime|Application started. Press Ctrl+C to shut down. 
2020-08-08 22:49:24.3968||INFO|Microsoft.Hosting.Lifetime|Hosting environment: Development 
2020-08-08 22:49:24.4137||INFO|Microsoft.Hosting.Lifetime|Content root path: E:\Fax\vs\PraksaWebAPI\PraksaWebAPI 
2020-08-08 22:49:25.7546||INFO|PraksaWebAPI.Controllers.EmployeeController|Get employees 
2020-08-08 22:49:25.7546||INFO|PraksaWebAPI.Controllers.EmployeeController|Get employees 
2020-08-08 22:49:25.7546||INFO|PraksaWebAPI.Controllers.EmployeeController|Get employees 
2020-08-08 22:49:25.7546||INFO|PraksaWebAPI.Controllers.EmployeeController|Get employees 
2020-08-08 22:51:10.5463||INFO|PraksaWebAPI.Controllers.EmployeeController|Get employees 
2020-08-08 22:51:10.5735||INFO|PraksaWebAPI.Controllers.EmployeeController|Get employees 
2020-08-08 22:52:13.0959||INFO|PraksaWebAPI.Controllers.EmployeeController|Get employees 
2020-08-08 22:52:13.1198||INFO|PraksaWebAPI.Controllers.EmployeeController|Get employees 
2020-08-08 23:01:01.3480||DEBUG|PraksaWebAPI.Program|init main 
2020-08-08 23:01:02.7056||INFO|Microsoft.Hosting.Lifetime|Now listening on: http://127.0.0.1:17060 
2020-08-08 23:01:02.7056||INFO|Microsoft.Hosting.Lifetime|Application started. Press Ctrl+C to shut down. 
2020-08-08 23:01:02.7241||INFO|Microsoft.Hosting.Lifetime|Hosting environment: Development 
2020-08-08 23:01:02.7241||INFO|Microsoft.Hosting.Lifetime|Content root path: E:\Fax\vs\PraksaWebAPI\PraksaWebAPI 
2020-08-08 23:01:22.9444||INFO|PraksaWebAPI.Controllers.EmployeeController|Get employees 
2020-08-08 23:01:22.9444||INFO|PraksaWebAPI.Controllers.EmployeeController|Get employees 
2020-08-08 23:08:01.4670||DEBUG|PraksaWebAPI.Program|init main 
2020-08-08 23:08:01.9367||INFO|Microsoft.Hosting.Lifetime|Now listening on: http://127.0.0.1:6360 
2020-08-08 23:08:01.9497||INFO|Microsoft.Hosting.Lifetime|Application started. Press Ctrl+C to shut down. 
2020-08-08 23:08:01.9566||INFO|Microsoft.Hosting.Lifetime|Hosting environment: Development 
2020-08-08 23:08:01.9566||INFO|Microsoft.Hosting.Lifetime|Content root path: E:\Fax\vs\PraksaWebAPI\PraksaWebAPI 
2020-08-08 23:08:02.3682||INFO|PraksaWebAPI.Controllers.EmployeeController|Get employees 
2020-08-08 23:08:07.3576||DEBUG|PraksaWebAPI.Program|init main 
2020-08-08 23:08:08.8876||INFO|Microsoft.Hosting.Lifetime|Now listening on: http://127.0.0.1:35160 
2020-08-08 23:08:08.9018||INFO|Microsoft.Hosting.Lifetime|Application started. Press Ctrl+C to shut down. 
2020-08-08 23:08:08.9018||INFO|Microsoft.Hosting.Lifetime|Hosting environment: Development 
2020-08-08 23:08:08.9127||INFO|Microsoft.Hosting.Lifetime|Content root path: E:\Fax\vs\PraksaWebAPI\PraksaWebAPI 
2020-08-08 23:08:09.5109||INFO|PraksaWebAPI.Controllers.EmployeeController|Get employees 
