2020-08-17 23:38:36.4807||DEBUG|PraksaWebAPI.Program|init main 
2020-08-17 23:38:56.1079||INFO|Microsoft.Hosting.Lifetime|Now listening on: http://127.0.0.1:9530 
2020-08-17 23:38:56.1364||INFO|Microsoft.Hosting.Lifetime|Application started. Press Ctrl+C to shut down. 
2020-08-17 23:38:56.1364||INFO|Microsoft.Hosting.Lifetime|Hosting environment: Development 
2020-08-17 23:38:56.1502||INFO|Microsoft.Hosting.Lifetime|Content root path: E:\Fax\vs\PraksaWebAPI\PraksaWebAPI 
2020-08-17 23:39:57.6064|1|ERROR|Microsoft.AspNetCore.Diagnostics.DeveloperExceptionPageMiddleware|An unhandled exception has occurred while executing the request. The service drive has thrown an exception: Google.GoogleApiException: Google.Apis.Requests.RequestError
Invalid field selection thumbnail [400]
Errors [
	Message[Invalid field selection thumbnail] Location[fields - parameter] Reason[invalidParameter] Domain[global]
]

   at Google.Apis.Requests.ClientServiceRequest`1.ParseResponse(HttpResponseMessage response)
   at Google.Apis.Requests.ClientServiceRequest`1.Execute()
   at PraksaWebAPI.Helpers.GoogleDriveApiHelper.GetFiles() in E:\Fax\vs\PraksaWebAPI\PraksaWebAPI\Helpers\GoogleDriveApiHelper.cs:line 108
   at PraksaWebAPI.Controllers.GoogleDriveController.ListFiles() in E:\Fax\vs\PraksaWebAPI\PraksaWebAPI\Controllers\GoogleDriveController.cs:line 39
   at lambda_method(Closure , Object , Object[] )
   at Microsoft.Extensions.Internal.ObjectMethodExecutor.Execute(Object target, Object[] parameters)
   at Microsoft.AspNetCore.Mvc.Infrastructure.ActionMethodExecutor.SyncActionResultExecutor.Execute(IActionResultTypeMapper mapper, ObjectMethodExecutor executor, Object controller, Object[] arguments)
   at Microsoft.AspNetCore.Mvc.Infrastructure.ControllerActionInvoker.InvokeActionMethodAsync()
   at Microsoft.AspNetCore.Mvc.Infrastructure.ControllerActionInvoker.Next(State& next, Scope& scope, Object& state, Boolean& isCompleted)
   at Microsoft.AspNetCore.Mvc.Infrastructure.ControllerActionInvoker.InvokeNextActionFilterAsync()
--- End of stack trace from previous location where exception was thrown ---
   at Microsoft.AspNetCore.Mvc.Infrastructure.ControllerActionInvoker.Rethrow(ActionExecutedContextSealed context)
   at Microsoft.AspNetCore.Mvc.Infrastructure.ControllerActionInvoker.Next(State& next, Scope& scope, Object& state, Boolean& isCompleted)
   at Microsoft.AspNetCore.Mvc.Infrastructure.ControllerActionInvoker.InvokeInnerFilterAsync()
--- End of stack trace from previous location where exception was thrown ---
   at Microsoft.AspNetCore.Mvc.Infrastructure.ResourceInvoker.<InvokeFilterPipelineAsync>g__Awaited|19_0(ResourceInvoker invoker, Task lastTask, State next, Scope scope, Object state, Boolean isCompleted)
   at Microsoft.AspNetCore.Mvc.Infrastructure.ResourceInvoker.<InvokeAsync>g__Awaited|17_0(ResourceInvoker invoker, Task task, IDisposable scope)
   at Microsoft.AspNetCore.Routing.EndpointMiddleware.<Invoke>g__AwaitRequestTask|6_0(Endpoint endpoint, Task requestTask, ILogger logger)
   at PraksaWebAPI.GzipMiddleware.Invoke(HttpContext context) in E:\Fax\vs\PraksaWebAPI\PraksaWebAPI\GzipMiddleware.cs:line 56
   at Microsoft.AspNetCore.Authorization.AuthorizationMiddleware.Invoke(HttpContext context)
   at Microsoft.AspNetCore.Authentication.AuthenticationMiddleware.Invoke(HttpContext context)
   at Microsoft.AspNetCore.Diagnostics.DeveloperExceptionPageMiddleware.Invoke(HttpContext context)
2020-08-17 23:40:54.2882||DEBUG|PraksaWebAPI.Program|init main 
2020-08-17 23:40:55.7502||INFO|Microsoft.Hosting.Lifetime|Now listening on: http://127.0.0.1:11382 
2020-08-17 23:40:55.8011||INFO|Microsoft.Hosting.Lifetime|Application started. Press Ctrl+C to shut down. 
2020-08-17 23:40:55.8187||INFO|Microsoft.Hosting.Lifetime|Hosting environment: Development 
2020-08-17 23:40:55.8426||INFO|Microsoft.Hosting.Lifetime|Content root path: E:\Fax\vs\PraksaWebAPI\PraksaWebAPI 
