2020-08-05 22:07:09.2661||DEBUG|PraksaWebAPI.Program|init main 
2020-08-05 22:07:10.8193||INFO|Microsoft.Hosting.Lifetime|Now listening on: http://127.0.0.1:28572 
2020-08-05 22:07:10.8692||INFO|Microsoft.Hosting.Lifetime|Application started. Press Ctrl+C to shut down. 
2020-08-05 22:07:10.8692||INFO|Microsoft.Hosting.Lifetime|Hosting environment: Development 
2020-08-05 22:07:10.8692||INFO|Microsoft.Hosting.Lifetime|Content root path: E:\Fax\vs\PraksaWebAPI\PraksaWebAPI 
2020-08-05 22:07:12.5364||INFO|PraksaWebAPI.Controllers.EmployeeController|Get employees 
2020-08-05 22:29:25.9942||DEBUG|PraksaWebAPI.Program|init main 
2020-08-05 22:29:27.5226||INFO|Microsoft.Hosting.Lifetime|Now listening on: http://127.0.0.1:8814 
2020-08-05 22:29:27.5370||INFO|Microsoft.Hosting.Lifetime|Application started. Press Ctrl+C to shut down. 
2020-08-05 22:29:27.5425||INFO|Microsoft.Hosting.Lifetime|Hosting environment: Development 
2020-08-05 22:29:27.5634||INFO|Microsoft.Hosting.Lifetime|Content root path: E:\Fax\vs\PraksaWebAPI\PraksaWebAPI 
2020-08-05 22:30:34.0576||INFO|PraksaWebAPI.Controllers.EmployeeController|Get employees 
2020-08-05 22:31:38.4226||INFO|PraksaWebAPI.Controllers.EmployeeController|Get employees 
2020-08-05 22:43:53.6666||DEBUG|PraksaWebAPI.Program|init main 
2020-08-05 22:43:55.7123||INFO|Microsoft.Hosting.Lifetime|Now listening on: http://127.0.0.1:43702 
2020-08-05 22:43:55.7276||INFO|Microsoft.Hosting.Lifetime|Application started. Press Ctrl+C to shut down. 
2020-08-05 22:43:55.7319||INFO|Microsoft.Hosting.Lifetime|Hosting environment: Development 
2020-08-05 22:43:55.7319||INFO|Microsoft.Hosting.Lifetime|Content root path: E:\Fax\vs\PraksaWebAPI\PraksaWebAPI 
2020-08-05 23:04:54.8162||INFO|PraksaWebAPI.Controllers.EmployeeController|Get employees 
2020-08-05 23:08:08.7347||DEBUG|PraksaWebAPI.Program|init main 
2020-08-05 23:08:09.2775||INFO|Microsoft.Hosting.Lifetime|Now listening on: http://127.0.0.1:14362 
2020-08-05 23:08:09.2775||INFO|Microsoft.Hosting.Lifetime|Application started. Press Ctrl+C to shut down. 
2020-08-05 23:08:09.3140||INFO|Microsoft.Hosting.Lifetime|Hosting environment: Development 
2020-08-05 23:08:09.3140||INFO|Microsoft.Hosting.Lifetime|Content root path: E:\Fax\vs\PraksaWebAPI\PraksaWebAPI 
2020-08-05 23:08:35.9174||INFO|PraksaWebAPI.Controllers.EmployeeController|Get employees 
